<?xml version="1.0" encoding="UTF-8"?>
<!-- Generated by org.testng.reporters.JUnitXMLReporter -->
<testsuite hostname="IR-C02PW2DWG8WP" name="FF Test" tests="4" failures="1" timestamp="7 Nov 2016 19:27:29 GMT" time="75.088" errors="0">
  <testcase name="myAccount_TransferMoneyTest" time="0.006" classname="TestMyAccount.MyAccount_TransferMoney"/>
  <testcase name="myAccount_CheckBalanceTest" time="0.39" classname="TestMyAccount.MyAccount_CheckBalance"/>
  <testcase name="failTestTesting" time="0.708" classname="TestMyAccount.FailTEST">
    <failure type="java.lang.AssertionError" message="expected [true] but found [false]">
      <![CDATA[java.lang.AssertionError: expected [true] but found [false]
	at TestMyAccount.FailTEST.failTestTesting(FailTEST.java:22)
... Removed 29 stack frames]]>
    </failure>
  </testcase> <!-- failTestTesting -->
  <testcase name="skippingTEST" time="0.111" classname="TestMyAccount.SkipATest">
    <skipped/>
  </testcase> <!-- skippingTEST -->
</testsuite> <!-- FF Test -->
