<html xmlns:math="http://exslt.org/math" xmlns:testng="http://testng.org">
   <head>
      <title>TestNG Results</title>
      <meta http-equiv="content-type" content="text/html; charset=utf-8"></meta>
      <meta http-equiv="pragma" content="no-cache"></meta>
      <meta http-equiv="cache-control" content="max-age=0"></meta>
      <meta http-equiv="cache-control" content="no-cache"></meta>
      <meta http-equiv="cache-control" content="no-store"></meta>
      <LINK rel="stylesheet" href="style.css"></LINK>
      <script type="text/javascript" src="main.js"></script>
   </head>
   <body>
      <table width="100%" style="font-size: 16px; margin-bottom: 10px;" cellspacing="1">
         <tr>
            <td width="100%">
               All methods in suite
               
               <b>Suite</b>
            </td>
            <td style="background-color: #FFBBBB; padding: 3px 3px 3px 0;" align="center">
               <div style="width: 50px;">1</div>
            </td>
            <td style="background-color: lightgreen; padding: 3px 3px 3px 0;" align="center">
               <div style="width: 50px;">2</div>
            </td>
            <td style="background-color: #FFFFBB; padding: 3px 3px 3px 0;" align="center">
               <div style="width: 50px;">1</div>
            </td>
            <td align="center" style="background-color: #eaf0f7; padding: 3px 3px 3px 0;">
               <div style="width: 50px;">4</div>
            </td>
            <td align="center"
                style="font-weight: bold; background-color: #eaf0f7; padding: 3px 3px 3px 0;">
               <div style="width: 50px;">50%</div>
            </td>
            <td style="background-color: #eaf0f7; padding: 3px 3px 3px 0;" align="center"
                nowrap="true">40s
               
            </td>
         </tr>
      </table>
      <div style="width: 200px;">
         <label for="groupMethodsCheckBox" style="font-weight: bold; margin: 0;">
            <input id="groupMethodsCheckBox" type="checkbox" onclick="switchTestMethodsView(this)"></input>
            Group by class
            
         </label>
         <br></br>
         <label for="methodsFilter_ALL" style="font-weight: bold; margin: 0;">
            <input id="methodsFilter_ALL" type="checkbox"
                   onclick="testMethodsFilterChanged(this, 'ALL')"></input>
            All
            
         </label>
      </div>
      <label for="methodsFilter_FAIL" style="margin-left: 20px;">
         <input id="methodsFilter_FAIL" type="checkbox"
                onclick="testMethodsFilterChanged(this, 'FAIL')"
                checked=""></input>
         Failed
         
      </label>
      <label for="methodsFilter_PASS">
         <input id="methodsFilter_PASS" type="checkbox"
                onclick="testMethodsFilterChanged(this, 'PASS')"
                checked=""></input>
         Passed
         
      </label>
      <label for="methodsFilter_SKIP">
         <input id="methodsFilter_SKIP" type="checkbox"
                onclick="testMethodsFilterChanged(this, 'SKIP')"
                checked=""></input>
         Skipped
         
      </label>
      <label for="methodsFilter_CONF">
         <input id="methodsFilter_CONF" type="checkbox"
                onclick="testMethodsFilterChanged(this, 'CONF')"></input>
         Config
         
      </label>
      <br></br>
      <div id="testMethodsByStatus">
         <table class="testMethodsTable" cellpadding="0" cellspacing="0">
            <tr class="methodsTableHeader">
               <td width="100%">Name</td>
               <td nowrap="true">Started</td>
               <td nowrap="true">Duration</td>
               <td>Exception</td>
            </tr>
            <tr id="TestMyAccount.FailTEST_failTestTesting_byStatus_failed_FAIL1_row"
                class="testMethodStatusFAIL">
               <td width="100%" class="firstMethodCell">
                  <a onclick="toggleDetailsVisibility('TestMyAccount.FailTEST_failTestTesting_byStatus_failed_FAIL1_details')">failTestTesting(public void TestMyAccount.FailTEST.failTestTesting(java.lang.reflect.Method))</a>
               </td>
               <td nowrap="true">16:21:02</td>
               <td nowrap="true" align="right">46 ms
                  
               </td>
               <td nowrap="true">
                  <a onclick="toggleDetailsVisibility('TestMyAccount.FailTEST_failTestTesting_byStatus_failed_FAIL1_exception')">java.lang.AssertionError: 
                     expected [true] but found [false]
                     
                  </a>
                   
                  
               </td>
            </tr>
            <tr>
               <td colspan="4" class="detailsBox">
                  <div id="TestMyAccount.FailTEST_failTestTesting_byStatus_failed_FAIL1_details"
                       class="testMethodDetails">
                     <div>
                        <b>Name: </b>failTestTesting
                     </div>
                     <div>
                        <b>Signature: </b>failTestTesting(java.lang.reflect.Method)[pri:0, instance:TestMyAccount.FailTEST@6be46e8f]
                     </div>
                     <div>
                        <b>Parameters: </b>
                        
                        public void TestMyAccount.FailTEST.failTestTesting(java.lang.reflect.Method)
                        
                        
                     </div>
                     <div>
                        <b>Start time: </b>16:21:02
                     </div>
                     <div>
                        <b>End time: </b>16:21:02
                     </div>
                     <div>
                        <b>Duration: </b>46 ms
                        
                     </div>
                  </div>
               </td>
            </tr>
            <tr>
               <td colspan="4" class="detailsBox">
                  <div id="TestMyAccount.FailTEST_failTestTesting_byStatus_failed_FAIL1_exception"
                       class="testMethodDetails">
                     <pre style="padding: 5px; margin: 0;">java.lang.AssertionError: expected [true] but found [false]
                        	at org.testng.Assert.fail(Assert.java:94)
                        	at org.testng.Assert.failNotEquals(Assert.java:496)
                        	at org.testng.Assert.assertTrue(Assert.java:42)
                        	at org.testng.Assert.assertTrue(Assert.java:52)
                        	at TestMyAccount.FailTEST.failTestTesting(FailTEST.java:22)
                        	at sun.reflect.NativeMethodAccessorImpl.invoke0(Native Method)
                        	at sun.reflect.NativeMethodAccessorImpl.invoke(Unknown Source)
                        	at sun.reflect.DelegatingMethodAccessorImpl.invoke(Unknown Source)
                        	at java.lang.reflect.Method.invoke(Unknown Source)
                        	at org.testng.internal.MethodInvocationHelper.invokeMethod(MethodInvocationHelper.java:85)
                        	at org.testng.internal.Invoker.invokeMethod(Invoker.java:639)
                        	at org.testng.internal.Invoker.invokeTestMethod(Invoker.java:816)
                        	at org.testng.internal.Invoker.invokeTestMethods(Invoker.java:1124)
                        	at org.testng.internal.TestMethodWorker.invokeTestMethods(TestMethodWorker.java:125)
                        	at org.testng.internal.TestMethodWorker.run(TestMethodWorker.java:108)
                        	at org.testng.TestRunner.privateRun(TestRunner.java:774)
                        	at org.testng.TestRunner.run(TestRunner.java:624)
                        	at org.testng.SuiteRunner.runTest(SuiteRunner.java:359)
                        	at org.testng.SuiteRunner.runSequentially(SuiteRunner.java:354)
                        	at org.testng.SuiteRunner.privateRun(SuiteRunner.java:312)
                        	at org.testng.SuiteRunner.run(SuiteRunner.java:261)
                        	at org.testng.SuiteRunnerWorker.runSuite(SuiteRunnerWorker.java:52)
                        	at org.testng.SuiteRunnerWorker.run(SuiteRunnerWorker.java:86)
                        	at org.testng.TestNG.runSuitesSequentially(TestNG.java:1215)
                        	at org.testng.TestNG.runSuitesLocally(TestNG.java:1140)
                        	at org.testng.TestNG.run(TestNG.java:1048)
                        	at org.testng.TestNG.privateMain(TestNG.java:1355)
                        	at org.testng.TestNG.main(TestNG.java:1324)
                     </pre>
                  </div>
               </td>
            </tr>
            <tr id="TestMyAccount.MyAccount_TransferMoney_beforeSuite_byStatus_passed_PASS1_row"
                class="testMethodStatusPASS testMethodStatusCONF">
               <td width="100%" class="firstMethodCell">
                  <a onclick="toggleDetailsVisibility('TestMyAccount.MyAccount_TransferMoney_beforeSuite_byStatus_passed_PASS1_details')">beforeSuite()</a>
               </td>
               <td nowrap="true">16:20:33</td>
               <td nowrap="true" align="right">19 ms
                  
               </td>
               <td nowrap="true">
                   
                  
               </td>
            </tr>
            <tr>
               <td colspan="4" class="detailsBox">
                  <div id="TestMyAccount.MyAccount_TransferMoney_beforeSuite_byStatus_passed_PASS1_details"
                       class="testMethodDetails">
                     <div>
                        <b>Name: </b>beforeSuite
                     </div>
                     <div>
                        <b>Signature: </b>beforeSuite()[pri:0, instance:TestMyAccount.MyAccount_TransferMoney@2d554825]
                     </div>
                     <div>
                        <b>Start time: </b>16:20:33
                     </div>
                     <div>
                        <b>End time: </b>16:20:33
                     </div>
                     <div>
                        <b>Duration: </b>19 ms
                        
                     </div>
                  </div>
               </td>
            </tr>
            <tr></tr>
            <tr id="TestMyAccount.MyAccount_TransferMoney_setUp_byStatus_passed_PASS2_row"
                class="testMethodStatusPASS testMethodStatusCONF">
               <td width="100%" class="firstMethodCell">
                  <a onclick="toggleDetailsVisibility('TestMyAccount.MyAccount_TransferMoney_setUp_byStatus_passed_PASS2_details')">setUp(FF
                     
                     ,
                     
                     public void TestMyAccount.MyAccount_TransferMoney.myAccount_TransferMoneyTest())
                  </a>
               </td>
               <td nowrap="true">16:20:33</td>
               <td nowrap="true" align="right">10s
                  
               </td>
               <td nowrap="true">
                   
                  
               </td>
            </tr>
            <tr>
               <td colspan="4" class="detailsBox">
                  <div id="TestMyAccount.MyAccount_TransferMoney_setUp_byStatus_passed_PASS2_details"
                       class="testMethodDetails">
                     <div>
                        <b>Name: </b>setUp
                     </div>
                     <div>
                        <b>Signature: </b>setUp(java.lang.String, java.lang.reflect.Method)[pri:0, instance:TestMyAccount.MyAccount_TransferMoney@2d554825]
                     </div>
                     <div>
                        <b>Parameters: </b>
                        
                        FF
                        
                        ,
                        
                        public void TestMyAccount.MyAccount_TransferMoney.myAccount_TransferMoneyTest()
                        
                        
                     </div>
                     <div>
                        <b>Start time: </b>16:20:33
                     </div>
                     <div>
                        <b>End time: </b>16:20:42
                     </div>
                     <div>
                        <b>Duration: </b>10s
                        
                     </div>
                  </div>
               </td>
            </tr>
            <tr></tr>
            <tr id="TestMyAccount.MyAccount_TransferMoney_myAccount_TransferMoneyTest_byStatus_passed_PASS3_row"
                class="testMethodStatusPASS">
               <td width="100%" class="firstMethodCell">
                  <a onclick="toggleDetailsVisibility('TestMyAccount.MyAccount_TransferMoney_myAccount_TransferMoneyTest_byStatus_passed_PASS3_details')">myAccount_TransferMoneyTest()</a>
               </td>
               <td nowrap="true">16:20:42</td>
               <td nowrap="true" align="right">1 ms
                  
               </td>
               <td nowrap="true">
                   
                  
               </td>
            </tr>
            <tr>
               <td colspan="4" class="detailsBox">
                  <div id="TestMyAccount.MyAccount_TransferMoney_myAccount_TransferMoneyTest_byStatus_passed_PASS3_details"
                       class="testMethodDetails">
                     <div>
                        <b>Name: </b>myAccount_TransferMoneyTest
                     </div>
                     <div>
                        <b>Signature: </b>myAccount_TransferMoneyTest()[pri:0, instance:TestMyAccount.MyAccount_TransferMoney@2d554825]
                     </div>
                     <div>
                        <b>Start time: </b>16:20:42
                     </div>
                     <div>
                        <b>End time: </b>16:20:42
                     </div>
                     <div>
                        <b>Duration: </b>1 ms
                        
                     </div>
                  </div>
               </td>
            </tr>
            <tr></tr>
            <tr id="TestMyAccount.MyAccount_TransferMoney_browserClose_byStatus_passed_PASS4_row"
                class="testMethodStatusPASS testMethodStatusCONF">
               <td width="100%" class="firstMethodCell">
                  <a onclick="toggleDetailsVisibility('TestMyAccount.MyAccount_TransferMoney_browserClose_byStatus_passed_PASS4_details')">browserClose(public void TestMyAccount.MyAccount_TransferMoney.myAccount_TransferMoneyTest())</a>
               </td>
               <td nowrap="true">16:20:42</td>
               <td nowrap="true" align="right">37 ms
                  
               </td>
               <td nowrap="true">
                   
                  
               </td>
            </tr>
            <tr>
               <td colspan="4" class="detailsBox">
                  <div id="TestMyAccount.MyAccount_TransferMoney_browserClose_byStatus_passed_PASS4_details"
                       class="testMethodDetails">
                     <div>
                        <b>Name: </b>browserClose
                     </div>
                     <div>
                        <b>Signature: </b>browserClose(java.lang.reflect.Method)[pri:0, instance:TestMyAccount.MyAccount_TransferMoney@2d554825]
                     </div>
                     <div>
                        <b>Parameters: </b>
                        
                        public void TestMyAccount.MyAccount_TransferMoney.myAccount_TransferMoneyTest()
                        
                        
                     </div>
                     <div>
                        <b>Start time: </b>16:20:42
                     </div>
                     <div>
                        <b>End time: </b>16:20:42
                     </div>
                     <div>
                        <b>Duration: </b>37 ms
                        
                     </div>
                  </div>
               </td>
            </tr>
            <tr></tr>
            <tr id="TestMyAccount.MyAccount_TransferMoney_tearDown_byStatus_passed_PASS5_row"
                class="testMethodStatusPASS testMethodStatusCONF">
               <td width="100%" class="firstMethodCell">
                  <a onclick="toggleDetailsVisibility('TestMyAccount.MyAccount_TransferMoney_tearDown_byStatus_passed_PASS5_details')">tearDown()</a>
               </td>
               <td nowrap="true">16:21:12</td>
               <td nowrap="true" align="right">608 ms
                  
               </td>
               <td nowrap="true">
                   
                  
               </td>
            </tr>
            <tr>
               <td colspan="4" class="detailsBox">
                  <div id="TestMyAccount.MyAccount_TransferMoney_tearDown_byStatus_passed_PASS5_details"
                       class="testMethodDetails">
                     <div>
                        <b>Name: </b>tearDown
                     </div>
                     <div>
                        <b>Signature: </b>tearDown()[pri:0, instance:TestMyAccount.MyAccount_TransferMoney@2d554825]
                     </div>
                     <div>
                        <b>Start time: </b>16:21:12
                     </div>
                     <div>
                        <b>End time: </b>16:21:13
                     </div>
                     <div>
                        <b>Duration: </b>608 ms
                        
                     </div>
                  </div>
               </td>
            </tr>
            <tr></tr>
            <tr id="TestMyAccount.SkipATest_setUp_byStatus_passed_PASS6_row"
                class="testMethodStatusPASS testMethodStatusCONF">
               <td width="100%" class="firstMethodCell">
                  <a onclick="toggleDetailsVisibility('TestMyAccount.SkipATest_setUp_byStatus_passed_PASS6_details')">setUp(FF
                     
                     ,
                     
                     public void TestMyAccount.SkipATest.skippingTEST())
                  </a>
               </td>
               <td nowrap="true">16:21:02</td>
               <td nowrap="true" align="right">10s
                  
               </td>
               <td nowrap="true">
                   
                  
               </td>
            </tr>
            <tr>
               <td colspan="4" class="detailsBox">
                  <div id="TestMyAccount.SkipATest_setUp_byStatus_passed_PASS6_details"
                       class="testMethodDetails">
                     <div>
                        <b>Name: </b>setUp
                     </div>
                     <div>
                        <b>Signature: </b>setUp(java.lang.String, java.lang.reflect.Method)[pri:0, instance:TestMyAccount.SkipATest@3567135c]
                     </div>
                     <div>
                        <b>Parameters: </b>
                        
                        FF
                        
                        ,
                        
                        public void TestMyAccount.SkipATest.skippingTEST()
                        
                        
                     </div>
                     <div>
                        <b>Start time: </b>16:21:02
                     </div>
                     <div>
                        <b>End time: </b>16:21:12
                     </div>
                     <div>
                        <b>Duration: </b>10s
                        
                     </div>
                  </div>
               </td>
            </tr>
            <tr></tr>
            <tr id="TestMyAccount.SkipATest_browserClose_byStatus_passed_PASS7_row"
                class="testMethodStatusPASS testMethodStatusCONF">
               <td width="100%" class="firstMethodCell">
                  <a onclick="toggleDetailsVisibility('TestMyAccount.SkipATest_browserClose_byStatus_passed_PASS7_details')">browserClose(public void TestMyAccount.SkipATest.skippingTEST())</a>
               </td>
               <td nowrap="true">16:21:12</td>
               <td nowrap="true" align="right">29 ms
                  
               </td>
               <td nowrap="true">
                   
                  
               </td>
            </tr>
            <tr>
               <td colspan="4" class="detailsBox">
                  <div id="TestMyAccount.SkipATest_browserClose_byStatus_passed_PASS7_details"
                       class="testMethodDetails">
                     <div>
                        <b>Name: </b>browserClose
                     </div>
                     <div>
                        <b>Signature: </b>browserClose(java.lang.reflect.Method)[pri:0, instance:TestMyAccount.SkipATest@3567135c]
                     </div>
                     <div>
                        <b>Parameters: </b>
                        
                        public void TestMyAccount.SkipATest.skippingTEST()
                        
                        
                     </div>
                     <div>
                        <b>Start time: </b>16:21:12
                     </div>
                     <div>
                        <b>End time: </b>16:21:12
                     </div>
                     <div>
                        <b>Duration: </b>29 ms
                        
                     </div>
                  </div>
               </td>
            </tr>
            <tr></tr>
            <tr id="TestMyAccount.MyAccount_CheckBalance_setUp_byStatus_passed_PASS8_row"
                class="testMethodStatusPASS testMethodStatusCONF">
               <td width="100%" class="firstMethodCell">
                  <a onclick="toggleDetailsVisibility('TestMyAccount.MyAccount_CheckBalance_setUp_byStatus_passed_PASS8_details')">setUp(FF
                     
                     ,
                     
                     public void TestMyAccount.MyAccount_CheckBalance.myAccount_CheckBalanceTest(java.lang.reflect.Method))
                  </a>
               </td>
               <td nowrap="true">16:20:42</td>
               <td nowrap="true" align="right">9s
                  
               </td>
               <td nowrap="true">
                   
                  
               </td>
            </tr>
            <tr>
               <td colspan="4" class="detailsBox">
                  <div id="TestMyAccount.MyAccount_CheckBalance_setUp_byStatus_passed_PASS8_details"
                       class="testMethodDetails">
                     <div>
                        <b>Name: </b>setUp
                     </div>
                     <div>
                        <b>Signature: </b>setUp(java.lang.String, java.lang.reflect.Method)[pri:0, instance:TestMyAccount.MyAccount_CheckBalance@68837a77]
                     </div>
                     <div>
                        <b>Parameters: </b>
                        
                        FF
                        
                        ,
                        
                        public void TestMyAccount.MyAccount_CheckBalance.myAccount_CheckBalanceTest(java.lang.reflect.Method)
                        
                        
                     </div>
                     <div>
                        <b>Start time: </b>16:20:42
                     </div>
                     <div>
                        <b>End time: </b>16:20:52
                     </div>
                     <div>
                        <b>Duration: </b>9s
                        
                     </div>
                  </div>
               </td>
            </tr>
            <tr></tr>
            <tr id="TestMyAccount.MyAccount_CheckBalance_myAccount_CheckBalanceTest_byStatus_passed_PASS9_row"
                class="testMethodStatusPASS">
               <td width="100%" class="firstMethodCell">
                  <a onclick="toggleDetailsVisibility('TestMyAccount.MyAccount_CheckBalance_myAccount_CheckBalanceTest_byStatus_passed_PASS9_details')">myAccount_CheckBalanceTest(public void TestMyAccount.MyAccount_CheckBalance.myAccount_CheckBalanceTest(java.lang.reflect.Method))</a>
               </td>
               <td nowrap="true">16:20:52</td>
               <td nowrap="true" align="right">368 ms
                  
               </td>
               <td nowrap="true">
                   
                  
               </td>
            </tr>
            <tr>
               <td colspan="4" class="detailsBox">
                  <div id="TestMyAccount.MyAccount_CheckBalance_myAccount_CheckBalanceTest_byStatus_passed_PASS9_details"
                       class="testMethodDetails">
                     <div>
                        <b>Name: </b>myAccount_CheckBalanceTest
                     </div>
                     <div>
                        <b>Signature: </b>myAccount_CheckBalanceTest(java.lang.reflect.Method)[pri:0, instance:TestMyAccount.MyAccount_CheckBalance@68837a77]
                     </div>
                     <div>
                        <b>Parameters: </b>
                        
                        public void TestMyAccount.MyAccount_CheckBalance.myAccount_CheckBalanceTest(java.lang.reflect.Method)
                        
                        
                     </div>
                     <div>
                        <b>Start time: </b>16:20:52
                     </div>
                     <div>
                        <b>End time: </b>16:20:52
                     </div>
                     <div>
                        <b>Duration: </b>368 ms
                        
                     </div>
                  </div>
               </td>
            </tr>
            <tr></tr>
            <tr id="TestMyAccount.MyAccount_CheckBalance_browserClose_byStatus_passed_PASS10_row"
                class="testMethodStatusPASS testMethodStatusCONF">
               <td width="100%" class="firstMethodCell">
                  <a onclick="toggleDetailsVisibility('TestMyAccount.MyAccount_CheckBalance_browserClose_byStatus_passed_PASS10_details')">browserClose(public void TestMyAccount.MyAccount_CheckBalance.myAccount_CheckBalanceTest(java.lang.reflect.Method))</a>
               </td>
               <td nowrap="true">16:20:52</td>
               <td nowrap="true" align="right">39 ms
                  
               </td>
               <td nowrap="true">
                   
                  
               </td>
            </tr>
            <tr>
               <td colspan="4" class="detailsBox">
                  <div id="TestMyAccount.MyAccount_CheckBalance_browserClose_byStatus_passed_PASS10_details"
                       class="testMethodDetails">
                     <div>
                        <b>Name: </b>browserClose
                     </div>
                     <div>
                        <b>Signature: </b>browserClose(java.lang.reflect.Method)[pri:0, instance:TestMyAccount.MyAccount_CheckBalance@68837a77]
                     </div>
                     <div>
                        <b>Parameters: </b>
                        
                        public void TestMyAccount.MyAccount_CheckBalance.myAccount_CheckBalanceTest(java.lang.reflect.Method)
                        
                        
                     </div>
                     <div>
                        <b>Start time: </b>16:20:52
                     </div>
                     <div>
                        <b>End time: </b>16:20:52
                     </div>
                     <div>
                        <b>Duration: </b>39 ms
                        
                     </div>
                  </div>
               </td>
            </tr>
            <tr></tr>
            <tr id="TestMyAccount.FailTEST_setUp_byStatus_passed_PASS11_row"
                class="testMethodStatusPASS testMethodStatusCONF">
               <td width="100%" class="firstMethodCell">
                  <a onclick="toggleDetailsVisibility('TestMyAccount.FailTEST_setUp_byStatus_passed_PASS11_details')">setUp(FF
                     
                     ,
                     
                     public void TestMyAccount.FailTEST.failTestTesting(java.lang.reflect.Method))
                  </a>
               </td>
               <td nowrap="true">16:20:52</td>
               <td nowrap="true" align="right">10s
                  
               </td>
               <td nowrap="true">
                   
                  
               </td>
            </tr>
            <tr>
               <td colspan="4" class="detailsBox">
                  <div id="TestMyAccount.FailTEST_setUp_byStatus_passed_PASS11_details"
                       class="testMethodDetails">
                     <div>
                        <b>Name: </b>setUp
                     </div>
                     <div>
                        <b>Signature: </b>setUp(java.lang.String, java.lang.reflect.Method)[pri:0, instance:TestMyAccount.FailTEST@6be46e8f]
                     </div>
                     <div>
                        <b>Parameters: </b>
                        
                        FF
                        
                        ,
                        
                        public void TestMyAccount.FailTEST.failTestTesting(java.lang.reflect.Method)
                        
                        
                     </div>
                     <div>
                        <b>Start time: </b>16:20:52
                     </div>
                     <div>
                        <b>End time: </b>16:21:02
                     </div>
                     <div>
                        <b>Duration: </b>10s
                        
                     </div>
                  </div>
               </td>
            </tr>
            <tr></tr>
            <tr id="TestMyAccount.FailTEST_browserClose_byStatus_passed_PASS12_row"
                class="testMethodStatusPASS testMethodStatusCONF">
               <td width="100%" class="firstMethodCell">
                  <a onclick="toggleDetailsVisibility('TestMyAccount.FailTEST_browserClose_byStatus_passed_PASS12_details')">browserClose(public void TestMyAccount.FailTEST.failTestTesting(java.lang.reflect.Method))</a>
               </td>
               <td nowrap="true">16:21:02</td>
               <td nowrap="true" align="right">42 ms
                  
               </td>
               <td nowrap="true">
                   
                  
               </td>
            </tr>
            <tr>
               <td colspan="4" class="detailsBox">
                  <div id="TestMyAccount.FailTEST_browserClose_byStatus_passed_PASS12_details"
                       class="testMethodDetails">
                     <div>
                        <b>Name: </b>browserClose
                     </div>
                     <div>
                        <b>Signature: </b>browserClose(java.lang.reflect.Method)[pri:0, instance:TestMyAccount.FailTEST@6be46e8f]
                     </div>
                     <div>
                        <b>Parameters: </b>
                        
                        public void TestMyAccount.FailTEST.failTestTesting(java.lang.reflect.Method)
                        
                        
                     </div>
                     <div>
                        <b>Start time: </b>16:21:02
                     </div>
                     <div>
                        <b>End time: </b>16:21:02
                     </div>
                     <div>
                        <b>Duration: </b>42 ms
                        
                     </div>
                  </div>
               </td>
            </tr>
            <tr></tr>
            <tr id="TestMyAccount.SkipATest_skippingTEST_byStatus_skiped_SKIP1_row"
                class="testMethodStatusSKIP">
               <td width="100%" class="firstMethodCell">
                  <a onclick="toggleDetailsVisibility('TestMyAccount.SkipATest_skippingTEST_byStatus_skiped_SKIP1_details')">skippingTEST()</a>
               </td>
               <td nowrap="true">16:21:12</td>
               <td nowrap="true" align="right">30 ms
                  
               </td>
               <td nowrap="true">
                  <a onclick="toggleDetailsVisibility('TestMyAccount.SkipATest_skippingTEST_byStatus_skiped_SKIP1_exception')">org.testng.SkipException: 
                     Skipping test
                     
                  </a>
                   
                  
               </td>
            </tr>
            <tr>
               <td colspan="4" class="detailsBox">
                  <div id="TestMyAccount.SkipATest_skippingTEST_byStatus_skiped_SKIP1_details"
                       class="testMethodDetails">
                     <div>
                        <b>Name: </b>skippingTEST
                     </div>
                     <div>
                        <b>Signature: </b>skippingTEST()[pri:0, instance:TestMyAccount.SkipATest@3567135c]
                     </div>
                     <div>
                        <b>Start time: </b>16:21:12
                     </div>
                     <div>
                        <b>End time: </b>16:21:12
                     </div>
                     <div>
                        <b>Duration: </b>30 ms
                        
                     </div>
                  </div>
               </td>
            </tr>
            <tr>
               <td colspan="4" class="detailsBox">
                  <div id="TestMyAccount.SkipATest_skippingTEST_byStatus_skiped_SKIP1_exception"
                       class="testMethodDetails">
                     <pre style="padding: 5px; margin: 0;">org.testng.SkipException: Skipping test
                        	at TestMyAccount.SkipATest.skippingTEST(SkipATest.java:24)
                        	at sun.reflect.NativeMethodAccessorImpl.invoke0(Native Method)
                        	at sun.reflect.NativeMethodAccessorImpl.invoke(Unknown Source)
                        	at sun.reflect.DelegatingMethodAccessorImpl.invoke(Unknown Source)
                        	at java.lang.reflect.Method.invoke(Unknown Source)
                        	at org.testng.internal.MethodInvocationHelper.invokeMethod(MethodInvocationHelper.java:85)
                        	at org.testng.internal.Invoker.invokeMethod(Invoker.java:639)
                        	at org.testng.internal.Invoker.invokeTestMethod(Invoker.java:816)
                        	at org.testng.internal.Invoker.invokeTestMethods(Invoker.java:1124)
                        	at org.testng.internal.TestMethodWorker.invokeTestMethods(TestMethodWorker.java:125)
                        	at org.testng.internal.TestMethodWorker.run(TestMethodWorker.java:108)
                        	at org.testng.TestRunner.privateRun(TestRunner.java:774)
                        	at org.testng.TestRunner.run(TestRunner.java:624)
                        	at org.testng.SuiteRunner.runTest(SuiteRunner.java:359)
                        	at org.testng.SuiteRunner.runSequentially(SuiteRunner.java:354)
                        	at org.testng.SuiteRunner.privateRun(SuiteRunner.java:312)
                        	at org.testng.SuiteRunner.run(SuiteRunner.java:261)
                        	at org.testng.SuiteRunnerWorker.runSuite(SuiteRunnerWorker.java:52)
                        	at org.testng.SuiteRunnerWorker.run(SuiteRunnerWorker.java:86)
                        	at org.testng.TestNG.runSuitesSequentially(TestNG.java:1215)
                        	at org.testng.TestNG.runSuitesLocally(TestNG.java:1140)
                        	at org.testng.TestNG.run(TestNG.java:1048)
                        	at org.testng.TestNG.privateMain(TestNG.java:1355)
                        	at org.testng.TestNG.main(TestNG.java:1324)
                     </pre>
                  </div>
               </td>
            </tr>
         </table>
      </div>
      <div id="testMethodsByClass" style="display: none;">
         <table class="testMethodsTable" cellpadding="0" cellspacing="0">
            <tr>
               <td colspan="4">
                  <h3 style="display: inline;">TestMyAccount.FailTEST</h3>
               </td>
            </tr>
            <tr class="methodsTableHeader">
               <td width="100%">Name</td>
               <td nowrap="true">Started</td>
               <td nowrap="true">Duration</td>
               <td>Exception</td>
            </tr>
            <tr id="TestMyAccount.FailTEST_setUp_byClass_PASS1_row"
                class="testMethodStatusPASS testMethodStatusCONF">
               <td width="100%" class="firstMethodCell">
                  <a onclick="toggleDetailsVisibility('TestMyAccount.FailTEST_setUp_byClass_PASS1_details')">setUp(FF
                     
                     ,
                     
                     public void TestMyAccount.FailTEST.failTestTesting(java.lang.reflect.Method))
                  </a>
               </td>
               <td nowrap="true">16:20:52</td>
               <td nowrap="true" align="right">10s
                  
               </td>
               <td nowrap="true">
                   
                  
               </td>
            </tr>
            <tr>
               <td colspan="4" class="detailsBox">
                  <div id="TestMyAccount.FailTEST_setUp_byClass_PASS1_details"
                       class="testMethodDetails">
                     <div>
                        <b>Name: </b>setUp
                     </div>
                     <div>
                        <b>Signature: </b>setUp(java.lang.String, java.lang.reflect.Method)[pri:0, instance:TestMyAccount.FailTEST@6be46e8f]
                     </div>
                     <div>
                        <b>Parameters: </b>
                        
                        FF
                        
                        ,
                        
                        public void TestMyAccount.FailTEST.failTestTesting(java.lang.reflect.Method)
                        
                        
                     </div>
                     <div>
                        <b>Start time: </b>16:20:52
                     </div>
                     <div>
                        <b>End time: </b>16:21:02
                     </div>
                     <div>
                        <b>Duration: </b>10s
                        
                     </div>
                  </div>
               </td>
            </tr>
            <tr></tr>
            <tr id="TestMyAccount.FailTEST_failTestTesting_byClass_FAIL2_row"
                class="testMethodStatusFAIL">
               <td width="100%" class="firstMethodCell">
                  <a onclick="toggleDetailsVisibility('TestMyAccount.FailTEST_failTestTesting_byClass_FAIL2_details')">failTestTesting(public void TestMyAccount.FailTEST.failTestTesting(java.lang.reflect.Method))</a>
               </td>
               <td nowrap="true">16:21:02</td>
               <td nowrap="true" align="right">46 ms
                  
               </td>
               <td nowrap="true">
                  <a onclick="toggleDetailsVisibility('TestMyAccount.FailTEST_failTestTesting_byClass_FAIL2_exception')">java.lang.AssertionError: 
                     expected [true] but found [false]
                     
                  </a>
                   
                  
               </td>
            </tr>
            <tr>
               <td colspan="4" class="detailsBox">
                  <div id="TestMyAccount.FailTEST_failTestTesting_byClass_FAIL2_details"
                       class="testMethodDetails">
                     <div>
                        <b>Name: </b>failTestTesting
                     </div>
                     <div>
                        <b>Signature: </b>failTestTesting(java.lang.reflect.Method)[pri:0, instance:TestMyAccount.FailTEST@6be46e8f]
                     </div>
                     <div>
                        <b>Parameters: </b>
                        
                        public void TestMyAccount.FailTEST.failTestTesting(java.lang.reflect.Method)
                        
                        
                     </div>
                     <div>
                        <b>Start time: </b>16:21:02
                     </div>
                     <div>
                        <b>End time: </b>16:21:02
                     </div>
                     <div>
                        <b>Duration: </b>46 ms
                        
                     </div>
                  </div>
               </td>
            </tr>
            <tr>
               <td colspan="4" class="detailsBox">
                  <div id="TestMyAccount.FailTEST_failTestTesting_byClass_FAIL2_exception"
                       class="testMethodDetails">
                     <pre style="padding: 5px; margin: 0;">java.lang.AssertionError: expected [true] but found [false]
                        	at org.testng.Assert.fail(Assert.java:94)
                        	at org.testng.Assert.failNotEquals(Assert.java:496)
                        	at org.testng.Assert.assertTrue(Assert.java:42)
                        	at org.testng.Assert.assertTrue(Assert.java:52)
                        	at TestMyAccount.FailTEST.failTestTesting(FailTEST.java:22)
                        	at sun.reflect.NativeMethodAccessorImpl.invoke0(Native Method)
                        	at sun.reflect.NativeMethodAccessorImpl.invoke(Unknown Source)
                        	at sun.reflect.DelegatingMethodAccessorImpl.invoke(Unknown Source)
                        	at java.lang.reflect.Method.invoke(Unknown Source)
                        	at org.testng.internal.MethodInvocationHelper.invokeMethod(MethodInvocationHelper.java:85)
                        	at org.testng.internal.Invoker.invokeMethod(Invoker.java:639)
                        	at org.testng.internal.Invoker.invokeTestMethod(Invoker.java:816)
                        	at org.testng.internal.Invoker.invokeTestMethods(Invoker.java:1124)
                        	at org.testng.internal.TestMethodWorker.invokeTestMethods(TestMethodWorker.java:125)
                        	at org.testng.internal.TestMethodWorker.run(TestMethodWorker.java:108)
                        	at org.testng.TestRunner.privateRun(TestRunner.java:774)
                        	at org.testng.TestRunner.run(TestRunner.java:624)
                        	at org.testng.SuiteRunner.runTest(SuiteRunner.java:359)
                        	at org.testng.SuiteRunner.runSequentially(SuiteRunner.java:354)
                        	at org.testng.SuiteRunner.privateRun(SuiteRunner.java:312)
                        	at org.testng.SuiteRunner.run(SuiteRunner.java:261)
                        	at org.testng.SuiteRunnerWorker.runSuite(SuiteRunnerWorker.java:52)
                        	at org.testng.SuiteRunnerWorker.run(SuiteRunnerWorker.java:86)
                        	at org.testng.TestNG.runSuitesSequentially(TestNG.java:1215)
                        	at org.testng.TestNG.runSuitesLocally(TestNG.java:1140)
                        	at org.testng.TestNG.run(TestNG.java:1048)
                        	at org.testng.TestNG.privateMain(TestNG.java:1355)
                        	at org.testng.TestNG.main(TestNG.java:1324)
                     </pre>
                  </div>
               </td>
            </tr>
            <tr id="TestMyAccount.FailTEST_browserClose_byClass_PASS3_row"
                class="testMethodStatusPASS testMethodStatusCONF">
               <td width="100%" class="firstMethodCell">
                  <a onclick="toggleDetailsVisibility('TestMyAccount.FailTEST_browserClose_byClass_PASS3_details')">browserClose(public void TestMyAccount.FailTEST.failTestTesting(java.lang.reflect.Method))</a>
               </td>
               <td nowrap="true">16:21:02</td>
               <td nowrap="true" align="right">42 ms
                  
               </td>
               <td nowrap="true">
                   
                  
               </td>
            </tr>
            <tr>
               <td colspan="4" class="detailsBox">
                  <div id="TestMyAccount.FailTEST_browserClose_byClass_PASS3_details"
                       class="testMethodDetails">
                     <div>
                        <b>Name: </b>browserClose
                     </div>
                     <div>
                        <b>Signature: </b>browserClose(java.lang.reflect.Method)[pri:0, instance:TestMyAccount.FailTEST@6be46e8f]
                     </div>
                     <div>
                        <b>Parameters: </b>
                        
                        public void TestMyAccount.FailTEST.failTestTesting(java.lang.reflect.Method)
                        
                        
                     </div>
                     <div>
                        <b>Start time: </b>16:21:02
                     </div>
                     <div>
                        <b>End time: </b>16:21:02
                     </div>
                     <div>
                        <b>Duration: </b>42 ms
                        
                     </div>
                  </div>
               </td>
            </tr>
            <tr></tr>
         </table>
         <br></br>
         <table class="testMethodsTable" cellpadding="0" cellspacing="0">
            <tr>
               <td colspan="4">
                  <h3 style="display: inline;">TestMyAccount.MyAccount_CheckBalance</h3>
               </td>
            </tr>
            <tr class="methodsTableHeader">
               <td width="100%">Name</td>
               <td nowrap="true">Started</td>
               <td nowrap="true">Duration</td>
               <td>Exception</td>
            </tr>
            <tr id="TestMyAccount.MyAccount_CheckBalance_setUp_byClass_PASS1_row"
                class="testMethodStatusPASS testMethodStatusCONF">
               <td width="100%" class="firstMethodCell">
                  <a onclick="toggleDetailsVisibility('TestMyAccount.MyAccount_CheckBalance_setUp_byClass_PASS1_details')">setUp(FF
                     
                     ,
                     
                     public void TestMyAccount.MyAccount_CheckBalance.myAccount_CheckBalanceTest(java.lang.reflect.Method))
                  </a>
               </td>
               <td nowrap="true">16:20:42</td>
               <td nowrap="true" align="right">9s
                  
               </td>
               <td nowrap="true">
                   
                  
               </td>
            </tr>
            <tr>
               <td colspan="4" class="detailsBox">
                  <div id="TestMyAccount.MyAccount_CheckBalance_setUp_byClass_PASS1_details"
                       class="testMethodDetails">
                     <div>
                        <b>Name: </b>setUp
                     </div>
                     <div>
                        <b>Signature: </b>setUp(java.lang.String, java.lang.reflect.Method)[pri:0, instance:TestMyAccount.MyAccount_CheckBalance@68837a77]
                     </div>
                     <div>
                        <b>Parameters: </b>
                        
                        FF
                        
                        ,
                        
                        public void TestMyAccount.MyAccount_CheckBalance.myAccount_CheckBalanceTest(java.lang.reflect.Method)
                        
                        
                     </div>
                     <div>
                        <b>Start time: </b>16:20:42
                     </div>
                     <div>
                        <b>End time: </b>16:20:52
                     </div>
                     <div>
                        <b>Duration: </b>9s
                        
                     </div>
                  </div>
               </td>
            </tr>
            <tr></tr>
            <tr id="TestMyAccount.MyAccount_CheckBalance_myAccount_CheckBalanceTest_byClass_PASS2_row"
                class="testMethodStatusPASS">
               <td width="100%" class="firstMethodCell">
                  <a onclick="toggleDetailsVisibility('TestMyAccount.MyAccount_CheckBalance_myAccount_CheckBalanceTest_byClass_PASS2_details')">myAccount_CheckBalanceTest(public void TestMyAccount.MyAccount_CheckBalance.myAccount_CheckBalanceTest(java.lang.reflect.Method))</a>
               </td>
               <td nowrap="true">16:20:52</td>
               <td nowrap="true" align="right">368 ms
                  
               </td>
               <td nowrap="true">
                   
                  
               </td>
            </tr>
            <tr>
               <td colspan="4" class="detailsBox">
                  <div id="TestMyAccount.MyAccount_CheckBalance_myAccount_CheckBalanceTest_byClass_PASS2_details"
                       class="testMethodDetails">
                     <div>
                        <b>Name: </b>myAccount_CheckBalanceTest
                     </div>
                     <div>
                        <b>Signature: </b>myAccount_CheckBalanceTest(java.lang.reflect.Method)[pri:0, instance:TestMyAccount.MyAccount_CheckBalance@68837a77]
                     </div>
                     <div>
                        <b>Parameters: </b>
                        
                        public void TestMyAccount.MyAccount_CheckBalance.myAccount_CheckBalanceTest(java.lang.reflect.Method)
                        
                        
                     </div>
                     <div>
                        <b>Start time: </b>16:20:52
                     </div>
                     <div>
                        <b>End time: </b>16:20:52
                     </div>
                     <div>
                        <b>Duration: </b>368 ms
                        
                     </div>
                  </div>
               </td>
            </tr>
            <tr></tr>
            <tr id="TestMyAccount.MyAccount_CheckBalance_browserClose_byClass_PASS3_row"
                class="testMethodStatusPASS testMethodStatusCONF">
               <td width="100%" class="firstMethodCell">
                  <a onclick="toggleDetailsVisibility('TestMyAccount.MyAccount_CheckBalance_browserClose_byClass_PASS3_details')">browserClose(public void TestMyAccount.MyAccount_CheckBalance.myAccount_CheckBalanceTest(java.lang.reflect.Method))</a>
               </td>
               <td nowrap="true">16:20:52</td>
               <td nowrap="true" align="right">39 ms
                  
               </td>
               <td nowrap="true">
                   
                  
               </td>
            </tr>
            <tr>
               <td colspan="4" class="detailsBox">
                  <div id="TestMyAccount.MyAccount_CheckBalance_browserClose_byClass_PASS3_details"
                       class="testMethodDetails">
                     <div>
                        <b>Name: </b>browserClose
                     </div>
                     <div>
                        <b>Signature: </b>browserClose(java.lang.reflect.Method)[pri:0, instance:TestMyAccount.MyAccount_CheckBalance@68837a77]
                     </div>
                     <div>
                        <b>Parameters: </b>
                        
                        public void TestMyAccount.MyAccount_CheckBalance.myAccount_CheckBalanceTest(java.lang.reflect.Method)
                        
                        
                     </div>
                     <div>
                        <b>Start time: </b>16:20:52
                     </div>
                     <div>
                        <b>End time: </b>16:20:52
                     </div>
                     <div>
                        <b>Duration: </b>39 ms
                        
                     </div>
                  </div>
               </td>
            </tr>
            <tr></tr>
         </table>
         <br></br>
         <table class="testMethodsTable" cellpadding="0" cellspacing="0">
            <tr>
               <td colspan="4">
                  <h3 style="display: inline;">TestMyAccount.MyAccount_TransferMoney</h3>
               </td>
            </tr>
            <tr class="methodsTableHeader">
               <td width="100%">Name</td>
               <td nowrap="true">Started</td>
               <td nowrap="true">Duration</td>
               <td>Exception</td>
            </tr>
            <tr id="TestMyAccount.MyAccount_TransferMoney_beforeSuite_byClass_PASS1_row"
                class="testMethodStatusPASS testMethodStatusCONF">
               <td width="100%" class="firstMethodCell">
                  <a onclick="toggleDetailsVisibility('TestMyAccount.MyAccount_TransferMoney_beforeSuite_byClass_PASS1_details')">beforeSuite()</a>
               </td>
               <td nowrap="true">16:20:33</td>
               <td nowrap="true" align="right">19 ms
                  
               </td>
               <td nowrap="true">
                   
                  
               </td>
            </tr>
            <tr>
               <td colspan="4" class="detailsBox">
                  <div id="TestMyAccount.MyAccount_TransferMoney_beforeSuite_byClass_PASS1_details"
                       class="testMethodDetails">
                     <div>
                        <b>Name: </b>beforeSuite
                     </div>
                     <div>
                        <b>Signature: </b>beforeSuite()[pri:0, instance:TestMyAccount.MyAccount_TransferMoney@2d554825]
                     </div>
                     <div>
                        <b>Start time: </b>16:20:33
                     </div>
                     <div>
                        <b>End time: </b>16:20:33
                     </div>
                     <div>
                        <b>Duration: </b>19 ms
                        
                     </div>
                  </div>
               </td>
            </tr>
            <tr></tr>
            <tr id="TestMyAccount.MyAccount_TransferMoney_setUp_byClass_PASS2_row"
                class="testMethodStatusPASS testMethodStatusCONF">
               <td width="100%" class="firstMethodCell">
                  <a onclick="toggleDetailsVisibility('TestMyAccount.MyAccount_TransferMoney_setUp_byClass_PASS2_details')">setUp(FF
                     
                     ,
                     
                     public void TestMyAccount.MyAccount_TransferMoney.myAccount_TransferMoneyTest())
                  </a>
               </td>
               <td nowrap="true">16:20:33</td>
               <td nowrap="true" align="right">10s
                  
               </td>
               <td nowrap="true">
                   
                  
               </td>
            </tr>
            <tr>
               <td colspan="4" class="detailsBox">
                  <div id="TestMyAccount.MyAccount_TransferMoney_setUp_byClass_PASS2_details"
                       class="testMethodDetails">
                     <div>
                        <b>Name: </b>setUp
                     </div>
                     <div>
                        <b>Signature: </b>setUp(java.lang.String, java.lang.reflect.Method)[pri:0, instance:TestMyAccount.MyAccount_TransferMoney@2d554825]
                     </div>
                     <div>
                        <b>Parameters: </b>
                        
                        FF
                        
                        ,
                        
                        public void TestMyAccount.MyAccount_TransferMoney.myAccount_TransferMoneyTest()
                        
                        
                     </div>
                     <div>
                        <b>Start time: </b>16:20:33
                     </div>
                     <div>
                        <b>End time: </b>16:20:42
                     </div>
                     <div>
                        <b>Duration: </b>10s
                        
                     </div>
                  </div>
               </td>
            </tr>
            <tr></tr>
            <tr id="TestMyAccount.MyAccount_TransferMoney_myAccount_TransferMoneyTest_byClass_PASS3_row"
                class="testMethodStatusPASS">
               <td width="100%" class="firstMethodCell">
                  <a onclick="toggleDetailsVisibility('TestMyAccount.MyAccount_TransferMoney_myAccount_TransferMoneyTest_byClass_PASS3_details')">myAccount_TransferMoneyTest()</a>
               </td>
               <td nowrap="true">16:20:42</td>
               <td nowrap="true" align="right">1 ms
                  
               </td>
               <td nowrap="true">
                   
                  
               </td>
            </tr>
            <tr>
               <td colspan="4" class="detailsBox">
                  <div id="TestMyAccount.MyAccount_TransferMoney_myAccount_TransferMoneyTest_byClass_PASS3_details"
                       class="testMethodDetails">
                     <div>
                        <b>Name: </b>myAccount_TransferMoneyTest
                     </div>
                     <div>
                        <b>Signature: </b>myAccount_TransferMoneyTest()[pri:0, instance:TestMyAccount.MyAccount_TransferMoney@2d554825]
                     </div>
                     <div>
                        <b>Start time: </b>16:20:42
                     </div>
                     <div>
                        <b>End time: </b>16:20:42
                     </div>
                     <div>
                        <b>Duration: </b>1 ms
                        
                     </div>
                  </div>
               </td>
            </tr>
            <tr></tr>
            <tr id="TestMyAccount.MyAccount_TransferMoney_browserClose_byClass_PASS4_row"
                class="testMethodStatusPASS testMethodStatusCONF">
               <td width="100%" class="firstMethodCell">
                  <a onclick="toggleDetailsVisibility('TestMyAccount.MyAccount_TransferMoney_browserClose_byClass_PASS4_details')">browserClose(public void TestMyAccount.MyAccount_TransferMoney.myAccount_TransferMoneyTest())</a>
               </td>
               <td nowrap="true">16:20:42</td>
               <td nowrap="true" align="right">37 ms
                  
               </td>
               <td nowrap="true">
                   
                  
               </td>
            </tr>
            <tr>
               <td colspan="4" class="detailsBox">
                  <div id="TestMyAccount.MyAccount_TransferMoney_browserClose_byClass_PASS4_details"
                       class="testMethodDetails">
                     <div>
                        <b>Name: </b>browserClose
                     </div>
                     <div>
                        <b>Signature: </b>browserClose(java.lang.reflect.Method)[pri:0, instance:TestMyAccount.MyAccount_TransferMoney@2d554825]
                     </div>
                     <div>
                        <b>Parameters: </b>
                        
                        public void TestMyAccount.MyAccount_TransferMoney.myAccount_TransferMoneyTest()
                        
                        
                     </div>
                     <div>
                        <b>Start time: </b>16:20:42
                     </div>
                     <div>
                        <b>End time: </b>16:20:42
                     </div>
                     <div>
                        <b>Duration: </b>37 ms
                        
                     </div>
                  </div>
               </td>
            </tr>
            <tr></tr>
            <tr id="TestMyAccount.MyAccount_TransferMoney_tearDown_byClass_PASS5_row"
                class="testMethodStatusPASS testMethodStatusCONF">
               <td width="100%" class="firstMethodCell">
                  <a onclick="toggleDetailsVisibility('TestMyAccount.MyAccount_TransferMoney_tearDown_byClass_PASS5_details')">tearDown()</a>
               </td>
               <td nowrap="true">16:21:12</td>
               <td nowrap="true" align="right">608 ms
                  
               </td>
               <td nowrap="true">
                   
                  
               </td>
            </tr>
            <tr>
               <td colspan="4" class="detailsBox">
                  <div id="TestMyAccount.MyAccount_TransferMoney_tearDown_byClass_PASS5_details"
                       class="testMethodDetails">
                     <div>
                        <b>Name: </b>tearDown
                     </div>
                     <div>
                        <b>Signature: </b>tearDown()[pri:0, instance:TestMyAccount.MyAccount_TransferMoney@2d554825]
                     </div>
                     <div>
                        <b>Start time: </b>16:21:12
                     </div>
                     <div>
                        <b>End time: </b>16:21:13
                     </div>
                     <div>
                        <b>Duration: </b>608 ms
                        
                     </div>
                  </div>
               </td>
            </tr>
            <tr></tr>
         </table>
         <br></br>
         <table class="testMethodsTable" cellpadding="0" cellspacing="0">
            <tr>
               <td colspan="4">
                  <h3 style="display: inline;">TestMyAccount.SkipATest</h3>
               </td>
            </tr>
            <tr class="methodsTableHeader">
               <td width="100%">Name</td>
               <td nowrap="true">Started</td>
               <td nowrap="true">Duration</td>
               <td>Exception</td>
            </tr>
            <tr id="TestMyAccount.SkipATest_setUp_byClass_PASS1_row"
                class="testMethodStatusPASS testMethodStatusCONF">
               <td width="100%" class="firstMethodCell">
                  <a onclick="toggleDetailsVisibility('TestMyAccount.SkipATest_setUp_byClass_PASS1_details')">setUp(FF
                     
                     ,
                     
                     public void TestMyAccount.SkipATest.skippingTEST())
                  </a>
               </td>
               <td nowrap="true">16:21:02</td>
               <td nowrap="true" align="right">10s
                  
               </td>
               <td nowrap="true">
                   
                  
               </td>
            </tr>
            <tr>
               <td colspan="4" class="detailsBox">
                  <div id="TestMyAccount.SkipATest_setUp_byClass_PASS1_details"
                       class="testMethodDetails">
                     <div>
                        <b>Name: </b>setUp
                     </div>
                     <div>
                        <b>Signature: </b>setUp(java.lang.String, java.lang.reflect.Method)[pri:0, instance:TestMyAccount.SkipATest@3567135c]
                     </div>
                     <div>
                        <b>Parameters: </b>
                        
                        FF
                        
                        ,
                        
                        public void TestMyAccount.SkipATest.skippingTEST()
                        
                        
                     </div>
                     <div>
                        <b>Start time: </b>16:21:02
                     </div>
                     <div>
                        <b>End time: </b>16:21:12
                     </div>
                     <div>
                        <b>Duration: </b>10s
                        
                     </div>
                  </div>
               </td>
            </tr>
            <tr></tr>
            <tr id="TestMyAccount.SkipATest_skippingTEST_byClass_SKIP2_row"
                class="testMethodStatusSKIP">
               <td width="100%" class="firstMethodCell">
                  <a onclick="toggleDetailsVisibility('TestMyAccount.SkipATest_skippingTEST_byClass_SKIP2_details')">skippingTEST()</a>
               </td>
               <td nowrap="true">16:21:12</td>
               <td nowrap="true" align="right">30 ms
                  
               </td>
               <td nowrap="true">
                  <a onclick="toggleDetailsVisibility('TestMyAccount.SkipATest_skippingTEST_byClass_SKIP2_exception')">org.testng.SkipException: 
                     Skipping test
                     
                  </a>
                   
                  
               </td>
            </tr>
            <tr>
               <td colspan="4" class="detailsBox">
                  <div id="TestMyAccount.SkipATest_skippingTEST_byClass_SKIP2_details"
                       class="testMethodDetails">
                     <div>
                        <b>Name: </b>skippingTEST
                     </div>
                     <div>
                        <b>Signature: </b>skippingTEST()[pri:0, instance:TestMyAccount.SkipATest@3567135c]
                     </div>
                     <div>
                        <b>Start time: </b>16:21:12
                     </div>
                     <div>
                        <b>End time: </b>16:21:12
                     </div>
                     <div>
                        <b>Duration: </b>30 ms
                        
                     </div>
                  </div>
               </td>
            </tr>
            <tr>
               <td colspan="4" class="detailsBox">
                  <div id="TestMyAccount.SkipATest_skippingTEST_byClass_SKIP2_exception"
                       class="testMethodDetails">
                     <pre style="padding: 5px; margin: 0;">org.testng.SkipException: Skipping test
                        	at TestMyAccount.SkipATest.skippingTEST(SkipATest.java:24)
                        	at sun.reflect.NativeMethodAccessorImpl.invoke0(Native Method)
                        	at sun.reflect.NativeMethodAccessorImpl.invoke(Unknown Source)
                        	at sun.reflect.DelegatingMethodAccessorImpl.invoke(Unknown Source)
                        	at java.lang.reflect.Method.invoke(Unknown Source)
                        	at org.testng.internal.MethodInvocationHelper.invokeMethod(MethodInvocationHelper.java:85)
                        	at org.testng.internal.Invoker.invokeMethod(Invoker.java:639)
                        	at org.testng.internal.Invoker.invokeTestMethod(Invoker.java:816)
                        	at org.testng.internal.Invoker.invokeTestMethods(Invoker.java:1124)
                        	at org.testng.internal.TestMethodWorker.invokeTestMethods(TestMethodWorker.java:125)
                        	at org.testng.internal.TestMethodWorker.run(TestMethodWorker.java:108)
                        	at org.testng.TestRunner.privateRun(TestRunner.java:774)
                        	at org.testng.TestRunner.run(TestRunner.java:624)
                        	at org.testng.SuiteRunner.runTest(SuiteRunner.java:359)
                        	at org.testng.SuiteRunner.runSequentially(SuiteRunner.java:354)
                        	at org.testng.SuiteRunner.privateRun(SuiteRunner.java:312)
                        	at org.testng.SuiteRunner.run(SuiteRunner.java:261)
                        	at org.testng.SuiteRunnerWorker.runSuite(SuiteRunnerWorker.java:52)
                        	at org.testng.SuiteRunnerWorker.run(SuiteRunnerWorker.java:86)
                        	at org.testng.TestNG.runSuitesSequentially(TestNG.java:1215)
                        	at org.testng.TestNG.runSuitesLocally(TestNG.java:1140)
                        	at org.testng.TestNG.run(TestNG.java:1048)
                        	at org.testng.TestNG.privateMain(TestNG.java:1355)
                        	at org.testng.TestNG.main(TestNG.java:1324)
                     </pre>
                  </div>
               </td>
            </tr>
            <tr id="TestMyAccount.SkipATest_browserClose_byClass_PASS3_row"
                class="testMethodStatusPASS testMethodStatusCONF">
               <td width="100%" class="firstMethodCell">
                  <a onclick="toggleDetailsVisibility('TestMyAccount.SkipATest_browserClose_byClass_PASS3_details')">browserClose(public void TestMyAccount.SkipATest.skippingTEST())</a>
               </td>
               <td nowrap="true">16:21:12</td>
               <td nowrap="true" align="right">29 ms
                  
               </td>
               <td nowrap="true">
                   
                  
               </td>
            </tr>
            <tr>
               <td colspan="4" class="detailsBox">
                  <div id="TestMyAccount.SkipATest_browserClose_byClass_PASS3_details"
                       class="testMethodDetails">
                     <div>
                        <b>Name: </b>browserClose
                     </div>
                     <div>
                        <b>Signature: </b>browserClose(java.lang.reflect.Method)[pri:0, instance:TestMyAccount.SkipATest@3567135c]
                     </div>
                     <div>
                        <b>Parameters: </b>
                        
                        public void TestMyAccount.SkipATest.skippingTEST()
                        
                        
                     </div>
                     <div>
                        <b>Start time: </b>16:21:12
                     </div>
                     <div>
                        <b>End time: </b>16:21:12
                     </div>
                     <div>
                        <b>Duration: </b>29 ms
                        
                     </div>
                  </div>
               </td>
            </tr>
            <tr></tr>
         </table>
         <br></br>
      </div>
      <div style="margin-top: 15px; color: gray; text-align: center; font-size: 9px;">
         Generated with
         
         <a href="http://code.google.com/p/testng-xslt/" style="color: #8888aa;"
            target="_blank">
            TestNG XSLT
            
         </a>
      </div>
   </body>
</html>