<?xml version="1.0" encoding="UTF-8"?>
<!-- Generated by org.testng.reporters.JUnitXMLReporter -->
<testsuite hostname="IR-C02PW2DWG8WP" name="Test" tests="3" failures="2" timestamp="20 Jul 2016 19:53:23 GMT" time="25.021" errors="0">
  <testcase name="hasanBhuiyan" time="0.028" classname="ExtendsReports.TestCase2">
    <failure type="java.lang.AssertionError" message="expected [true] but found [false]">
      <![CDATA[java.lang.AssertionError: expected [true] but found [false]
	at ExtendsReports.TestCase2.hasanBhuiyan(TestCase2.java:16)
... Removed 27 stack frames]]>
    </failure>
  </testcase> <!-- hasanBhuiyan -->
  <testcase name="taltekcTEST" time="0.033" classname="ExtendsReports.TestCase1">
    <failure type="java.lang.AssertionError" message="expected [true] but found [false]">
      <![CDATA[java.lang.AssertionError: expected [true] but found [false]
	at ExtendsReports.TestCase1.taltekcTEST(TestCase1.java:15)
... Removed 27 stack frames]]>
    </failure>
  </testcase> <!-- taltekcTEST -->
  <testcase name="taltekcTest2" time="0.0" classname="ExtendsReports.TestCase1"/>
</testsuite> <!-- Test -->
