<?xml version="1.0" encoding="UTF-8"?>
<testng-results skipped="0" failed="1" total="1" passed="0">
  <reporter-output>
  </reporter-output>
  <suite name="Default suite" duration-ms="3724" started-at="2017-05-16T11:47:33Z" finished-at="2017-05-16T11:47:37Z">
    <groups>
    </groups>
    <test name="Default test" duration-ms="3724" started-at="2017-05-16T11:47:33Z" finished-at="2017-05-16T11:47:37Z">
      <class name="TestLogin.Login_UsingValidUserInfo">
        <test-method status="PASS" signature="beforeSuite()[pri:0, instance:TestLogin.Login_UsingValidUserInfo@4b4523f8]" name="beforeSuite" is-config="true" duration-ms="8" started-at="2017-05-16T07:47:33Z" finished-at="2017-05-16T07:47:33Z">
          <reporter-output>
          </reporter-output>
        </test-method> <!-- beforeSuite -->
        <test-method status="PASS" signature="setUp()[pri:0, instance:TestLogin.Login_UsingValidUserInfo@4b4523f8]" name="setUp" is-config="true" duration-ms="3584" started-at="2017-05-16T07:47:33Z" finished-at="2017-05-16T07:47:37Z">
          <reporter-output>
          </reporter-output>
        </test-method> <!-- setUp -->
        <test-method status="PASS" signature="beforeEachMethod(java.lang.reflect.Method)[pri:0, instance:TestLogin.Login_UsingValidUserInfo@4b4523f8]" name="beforeEachMethod" is-config="true" duration-ms="1" started-at="2017-05-16T07:47:37Z" finished-at="2017-05-16T07:47:37Z">
          <params>
            <param index="0">
              <value>
                <![CDATA[public void TestLogin.Login_UsingValidUserInfo.logIn_validUserInfoTest()]]>
              </value>
            </param>
          </params>
          <reporter-output>
          </reporter-output>
        </test-method> <!-- beforeEachMethod -->
        <test-method status="FAIL" signature="logIn_validUserInfoTest()[pri:0, instance:TestLogin.Login_UsingValidUserInfo@4b4523f8]" name="logIn_validUserInfoTest" duration-ms="123" started-at="2017-05-16T07:47:37Z" finished-at="2017-05-16T07:47:37Z">
          <exception class="org.openqa.selenium.InvalidArgumentException">
            <message>
              <![CDATA[Expected [object Undefined] undefined to be a string
Build info: version: 'unknown', revision: '1969d75', time: '2016-10-18 09:43:45 -0700'
System info: host: 'IR-C02PW2DWG8WP', ip: '172.16.255.99', os.name: 'Windows 10', os.arch: 'amd64', os.version: '10.0', java.version: '1.8.0_74'
Driver info: org.openqa.selenium.firefox.FirefoxDriver
Capabilities [{moz:profile=C:\Users\HASSAN~1.BHU\AppData\Local\Temp\rust_mozprofile.LXDdpt16qPvk, rotatable=false, timeouts={implicit=0, pageLoad=300000, script=30000}, pageLoadStrategy=normal, platform=ANY, specificationLevel=0, moz:accessibilityChecks=false, acceptInsecureCerts=false, browserVersion=53.0.2, platformVersion=10.0, moz:processID=6464, browserName=firefox, platformName=windows_nt}]
Session ID: c3739a4a-ee82-40b0-8116-a5f11431d011]]>
            </message>
            <full-stacktrace>
              <![CDATA[org.openqa.selenium.InvalidArgumentException: Expected [object Undefined] undefined to be a string
Build info: version: 'unknown', revision: '1969d75', time: '2016-10-18 09:43:45 -0700'
System info: host: 'IR-C02PW2DWG8WP', ip: '172.16.255.99', os.name: 'Windows 10', os.arch: 'amd64', os.version: '10.0', java.version: '1.8.0_74'
Driver info: org.openqa.selenium.firefox.FirefoxDriver
Capabilities [{moz:profile=C:\Users\HASSAN~1.BHU\AppData\Local\Temp\rust_mozprofile.LXDdpt16qPvk, rotatable=false, timeouts={implicit=0, pageLoad=300000, script=30000}, pageLoadStrategy=normal, platform=ANY, specificationLevel=0, moz:accessibilityChecks=false, acceptInsecureCerts=false, browserVersion=53.0.2, platformVersion=10.0, moz:processID=6464, browserName=firefox, platformName=windows_nt}]
Session ID: c3739a4a-ee82-40b0-8116-a5f11431d011
	at sun.reflect.NativeConstructorAccessorImpl.newInstance0(Native Method)
	at sun.reflect.NativeConstructorAccessorImpl.newInstance(Unknown Source)
	at sun.reflect.DelegatingConstructorAccessorImpl.newInstance(Unknown Source)
	at java.lang.reflect.Constructor.newInstance(Unknown Source)
	at org.openqa.selenium.remote.http.W3CHttpResponseCodec.createException(W3CHttpResponseCodec.java:127)
	at org.openqa.selenium.remote.http.W3CHttpResponseCodec.decode(W3CHttpResponseCodec.java:93)
	at org.openqa.selenium.remote.http.W3CHttpResponseCodec.decode(W3CHttpResponseCodec.java:42)
	at org.openqa.selenium.remote.HttpCommandExecutor.execute(HttpCommandExecutor.java:163)
	at org.openqa.selenium.remote.service.DriverCommandExecutor.execute(DriverCommandExecutor.java:82)
	at org.openqa.selenium.remote.RemoteWebDriver.execute(RemoteWebDriver.java:601)
	at org.openqa.selenium.remote.RemoteWebElement.execute(RemoteWebElement.java:274)
	at org.openqa.selenium.remote.RemoteWebElement.sendKeys(RemoteWebElement.java:98)
	at Util.WebDriverFunctions.typeByXPath(WebDriverFunctions.java:17)
	at Util.loginPageObject.logIn(loginPageObject.java:13)
	at TestLogin.Login_UsingValidUserInfo.logIn_validUserInfoTest(Login_UsingValidUserInfo.java:16)
	at sun.reflect.NativeMethodAccessorImpl.invoke0(Native Method)
	at sun.reflect.NativeMethodAccessorImpl.invoke(Unknown Source)
	at sun.reflect.DelegatingMethodAccessorImpl.invoke(Unknown Source)
	at java.lang.reflect.Method.invoke(Unknown Source)
	at org.testng.internal.MethodInvocationHelper.invokeMethod(MethodInvocationHelper.java:86)
	at org.testng.internal.Invoker.invokeMethod(Invoker.java:646)
	at org.testng.internal.Invoker.invokeTestMethod(Invoker.java:823)
	at org.testng.internal.Invoker.invokeTestMethods(Invoker.java:1131)
	at org.testng.internal.TestMethodWorker.invokeTestMethods(TestMethodWorker.java:129)
	at org.testng.internal.TestMethodWorker.run(TestMethodWorker.java:112)
	at org.testng.TestRunner.privateRun(TestRunner.java:778)
	at org.testng.TestRunner.run(TestRunner.java:632)
	at org.testng.SuiteRunner.runTest(SuiteRunner.java:366)
	at org.testng.SuiteRunner.runSequentially(SuiteRunner.java:361)
	at org.testng.SuiteRunner.privateRun(SuiteRunner.java:319)
	at org.testng.SuiteRunner.run(SuiteRunner.java:268)
	at org.testng.SuiteRunnerWorker.runSuite(SuiteRunnerWorker.java:52)
	at org.testng.SuiteRunnerWorker.run(SuiteRunnerWorker.java:86)
	at org.testng.TestNG.runSuitesSequentially(TestNG.java:1225)
	at org.testng.TestNG.runSuitesLocally(TestNG.java:1150)
	at org.testng.TestNG.runSuites(TestNG.java:1075)
	at org.testng.TestNG.run(TestNG.java:1047)
	at org.testng.remote.AbstractRemoteTestNG.run(AbstractRemoteTestNG.java:126)
	at org.testng.remote.RemoteTestNG.initAndRun(RemoteTestNG.java:75)
	at org.testng.remote.RemoteTestNG.main(RemoteTestNG.java:46)
]]>
            </full-stacktrace>
          </exception> <!-- org.openqa.selenium.InvalidArgumentException -->
          <reporter-output>
          </reporter-output>
        </test-method> <!-- logIn_validUserInfoTest -->
        <test-method status="PASS" signature="afterEachMethod(java.lang.reflect.Method)[pri:0, instance:TestLogin.Login_UsingValidUserInfo@4b4523f8]" name="afterEachMethod" is-config="true" duration-ms="0" started-at="2017-05-16T07:47:37Z" finished-at="2017-05-16T07:47:37Z">
          <params>
            <param index="0">
              <value>
                <![CDATA[public void TestLogin.Login_UsingValidUserInfo.logIn_validUserInfoTest()]]>
              </value>
            </param>
          </params>
          <reporter-output>
          </reporter-output>
        </test-method> <!-- afterEachMethod -->
        <test-method status="PASS" signature="closeConn()[pri:0, instance:TestLogin.Login_UsingValidUserInfo@4b4523f8]" name="closeConn" is-config="true" duration-ms="0" started-at="2017-05-16T07:47:37Z" finished-at="2017-05-16T07:47:37Z">
          <reporter-output>
          </reporter-output>
        </test-method> <!-- closeConn -->
        <test-method status="PASS" signature="tearDown()[pri:0, instance:TestLogin.Login_UsingValidUserInfo@4b4523f8]" name="tearDown" is-config="true" duration-ms="0" started-at="2017-05-16T07:47:37Z" finished-at="2017-05-16T07:47:37Z">
          <reporter-output>
          </reporter-output>
        </test-method> <!-- tearDown -->
      </class> <!-- TestLogin.Login_UsingValidUserInfo -->
    </test> <!-- Default test -->
  </suite> <!-- Default suite -->
</testng-results>
