<?xml version="1.0" encoding="UTF-8"?>
<testng-results skipped="0" failed="0" total="3" passed="3">
  <reporter-output>
  </reporter-output>
  <suite name="Suite" duration-ms="25930" started-at="2017-03-06T20:30:19Z" finished-at="2017-03-06T20:30:44Z">
    <groups>
    </groups>
    <test name="Test" duration-ms="25930" started-at="2017-03-06T20:30:19Z" finished-at="2017-03-06T20:30:44Z">
      <class name="TestMethodAndLog4j.testAllMethodWise">
        <test-method status="PASS" signature="beforeSuite()[pri:0, instance:TestMethodAndLog4j.testAllMethodWise@7d907bac]" name="beforeSuite" is-config="true" duration-ms="8" started-at="2017-03-06T15:30:18Z" finished-at="2017-03-06T15:30:19Z">
          <reporter-output>
          </reporter-output>
        </test-method> <!-- beforeSuite -->
        <test-method status="PASS" signature="setUp(java.lang.String)[pri:0, instance:TestMethodAndLog4j.testAllMethodWise@7d907bac]" name="setUp" is-config="true" duration-ms="23596" started-at="2017-03-06T15:30:19Z" finished-at="2017-03-06T15:30:42Z">
          <params>
            <param index="0">
              <value>
                <![CDATA[ch]]>
              </value>
            </param>
          </params>
          <reporter-output>
          </reporter-output>
        </test-method> <!-- setUp -->
        <test-method status="PASS" signature="beforeEachMethod(java.lang.reflect.Method)[pri:0, instance:TestMethodAndLog4j.testAllMethodWise@7d907bac]" name="beforeEachMethod" is-config="true" duration-ms="0" started-at="2017-03-06T15:30:42Z" finished-at="2017-03-06T15:30:42Z">
          <params>
            <param index="0">
              <value>
                <![CDATA[public void TestMethodAndLog4j.testAllMethodWise.linkTest()]]>
              </value>
            </param>
          </params>
          <reporter-output>
          </reporter-output>
        </test-method> <!-- beforeEachMethod -->
        <test-method status="PASS" signature="linkTest()[pri:0, instance:TestMethodAndLog4j.testAllMethodWise@7d907bac]" name="linkTest" duration-ms="5" started-at="2017-03-06T15:30:42Z" finished-at="2017-03-06T15:30:42Z">
          <reporter-output>
          </reporter-output>
        </test-method> <!-- linkTest -->
        <test-method status="PASS" signature="afterEachMethod(java.lang.reflect.Method)[pri:0, instance:TestMethodAndLog4j.testAllMethodWise@7d907bac]" name="afterEachMethod" is-config="true" duration-ms="0" started-at="2017-03-06T15:30:42Z" finished-at="2017-03-06T15:30:42Z">
          <params>
            <param index="0">
              <value>
                <![CDATA[public void TestMethodAndLog4j.testAllMethodWise.linkTest()]]>
              </value>
            </param>
          </params>
          <reporter-output>
          </reporter-output>
        </test-method> <!-- afterEachMethod -->
        <test-method status="PASS" signature="beforeEachMethod(java.lang.reflect.Method)[pri:0, instance:TestMethodAndLog4j.testAllMethodWise@7d907bac]" name="beforeEachMethod" is-config="true" duration-ms="1" started-at="2017-03-06T15:30:42Z" finished-at="2017-03-06T15:30:42Z">
          <params>
            <param index="0">
              <value>
                <![CDATA[public void TestMethodAndLog4j.testAllMethodWise.linkTest1()]]>
              </value>
            </param>
          </params>
          <reporter-output>
          </reporter-output>
        </test-method> <!-- beforeEachMethod -->
        <test-method status="PASS" signature="linkTest1()[pri:0, instance:TestMethodAndLog4j.testAllMethodWise@7d907bac]" name="linkTest1" duration-ms="0" started-at="2017-03-06T15:30:42Z" finished-at="2017-03-06T15:30:42Z">
          <reporter-output>
          </reporter-output>
        </test-method> <!-- linkTest1 -->
        <test-method status="PASS" signature="afterEachMethod(java.lang.reflect.Method)[pri:0, instance:TestMethodAndLog4j.testAllMethodWise@7d907bac]" name="afterEachMethod" is-config="true" duration-ms="1" started-at="2017-03-06T15:30:42Z" finished-at="2017-03-06T15:30:42Z">
          <params>
            <param index="0">
              <value>
                <![CDATA[public void TestMethodAndLog4j.testAllMethodWise.linkTest1()]]>
              </value>
            </param>
          </params>
          <reporter-output>
          </reporter-output>
        </test-method> <!-- afterEachMethod -->
        <test-method status="PASS" signature="linkTest3()[pri:0, instance:TestMethodAndLog4j.testAllMethodWise@7d907bac]" name="linkTest3" duration-ms="1" started-at="2017-03-06T15:30:42Z" finished-at="2017-03-06T15:30:42Z">
          <reporter-output>
          </reporter-output>
        </test-method> <!-- linkTest3 -->
        <test-method status="PASS" signature="beforeEachMethod(java.lang.reflect.Method)[pri:0, instance:TestMethodAndLog4j.testAllMethodWise@7d907bac]" name="beforeEachMethod" is-config="true" duration-ms="0" started-at="2017-03-06T15:30:42Z" finished-at="2017-03-06T15:30:42Z">
          <params>
            <param index="0">
              <value>
                <![CDATA[public void TestMethodAndLog4j.testAllMethodWise.linkTest3()]]>
              </value>
            </param>
          </params>
          <reporter-output>
          </reporter-output>
        </test-method> <!-- beforeEachMethod -->
        <test-method status="PASS" signature="afterEachMethod(java.lang.reflect.Method)[pri:0, instance:TestMethodAndLog4j.testAllMethodWise@7d907bac]" name="afterEachMethod" is-config="true" duration-ms="0" started-at="2017-03-06T15:30:42Z" finished-at="2017-03-06T15:30:42Z">
          <params>
            <param index="0">
              <value>
                <![CDATA[public void TestMethodAndLog4j.testAllMethodWise.linkTest3()]]>
              </value>
            </param>
          </params>
          <reporter-output>
          </reporter-output>
        </test-method> <!-- afterEachMethod -->
        <test-method status="PASS" signature="closeConn()[pri:0, instance:TestMethodAndLog4j.testAllMethodWise@7d907bac]" name="closeConn" is-config="true" duration-ms="2315" started-at="2017-03-06T15:30:42Z" finished-at="2017-03-06T15:30:44Z">
          <reporter-output>
          </reporter-output>
        </test-method> <!-- closeConn -->
        <test-method status="PASS" signature="tearDown()[pri:0, instance:TestMethodAndLog4j.testAllMethodWise@7d907bac]" name="tearDown" is-config="true" duration-ms="727" started-at="2017-03-06T15:30:44Z" finished-at="2017-03-06T15:30:45Z">
          <reporter-output>
          </reporter-output>
        </test-method> <!-- tearDown -->
      </class> <!-- TestMethodAndLog4j.testAllMethodWise -->
    </test> <!-- Test -->
  </suite> <!-- Suite -->
</testng-results>
