<?xml version="1.0" encoding="UTF-8"?>
<testng-results skipped="1" failed="1" total="4" passed="2">
  <reporter-output>
  </reporter-output>
  <suite name="aq" duration-ms="75088" started-at="2016-11-07T19:26:13Z" finished-at="2016-11-07T19:27:28Z">
    <groups>
    </groups>
    <test name="FF Test" duration-ms="75088" started-at="2016-11-07T19:26:13Z" finished-at="2016-11-07T19:27:28Z">
      <class name="TestMyAccount.MyAccount_TransferMoney">
        <test-method status="PASS" signature="beforeSuite()[pri:0, instance:TestMyAccount.MyAccount_TransferMoney@6325a3ee]" name="beforeSuite" is-config="true" duration-ms="14" started-at="2016-11-07T14:26:13Z" finished-at="2016-11-07T14:26:13Z">
          <reporter-output>
          </reporter-output>
        </test-method> <!-- beforeSuite -->
        <test-method status="PASS" signature="setUp(java.lang.String, java.lang.reflect.Method)[pri:0, instance:TestMyAccount.MyAccount_TransferMoney@6325a3ee]" name="setUp" is-config="true" duration-ms="15918" started-at="2016-11-07T14:26:13Z" finished-at="2016-11-07T14:26:29Z">
          <params>
            <param index="0">
              <value>
                <![CDATA[FF]]>
              </value>
            </param>
            <param index="1">
              <value>
                <![CDATA[public void TestMyAccount.MyAccount_TransferMoney.myAccount_TransferMoneyTest()]]>
              </value>
            </param>
          </params>
          <reporter-output>
          </reporter-output>
        </test-method> <!-- setUp -->
        <test-method status="PASS" signature="myAccount_TransferMoneyTest()[pri:0, instance:TestMyAccount.MyAccount_TransferMoney@6325a3ee]" name="myAccount_TransferMoneyTest" duration-ms="6" started-at="2016-11-07T14:26:29Z" finished-at="2016-11-07T14:26:29Z">
          <reporter-output>
          </reporter-output>
        </test-method> <!-- myAccount_TransferMoneyTest -->
        <test-method status="PASS" signature="browserClose(java.lang.reflect.Method)[pri:0, instance:TestMyAccount.MyAccount_TransferMoney@6325a3ee]" name="browserClose" is-config="true" duration-ms="15" started-at="2016-11-07T14:26:29Z" finished-at="2016-11-07T14:26:29Z">
          <params>
            <param index="0">
              <value>
                <![CDATA[public void TestMyAccount.MyAccount_TransferMoney.myAccount_TransferMoneyTest()]]>
              </value>
            </param>
          </params>
          <reporter-output>
          </reporter-output>
        </test-method> <!-- browserClose -->
        <test-method status="PASS" signature="tearDown()[pri:0, instance:TestMyAccount.MyAccount_TransferMoney@6325a3ee]" name="tearDown" is-config="true" duration-ms="3126" started-at="2016-11-07T14:27:29Z" finished-at="2016-11-07T14:27:32Z">
          <reporter-output>
          </reporter-output>
        </test-method> <!-- tearDown -->
      </class> <!-- TestMyAccount.MyAccount_TransferMoney -->
      <class name="TestMyAccount.SkipATest">
        <test-method status="PASS" signature="setUp(java.lang.String, java.lang.reflect.Method)[pri:0, instance:TestMyAccount.SkipATest@2b9627bc]" name="setUp" is-config="true" duration-ms="22522" started-at="2016-11-07T14:27:06Z" finished-at="2016-11-07T14:27:28Z">
          <params>
            <param index="0">
              <value>
                <![CDATA[FF]]>
              </value>
            </param>
            <param index="1">
              <value>
                <![CDATA[public void TestMyAccount.SkipATest.skippingTEST()]]>
              </value>
            </param>
          </params>
          <reporter-output>
          </reporter-output>
        </test-method> <!-- setUp -->
        <test-method status="SKIP" signature="skippingTEST()[pri:0, instance:TestMyAccount.SkipATest@2b9627bc]" name="skippingTEST" duration-ms="111" started-at="2016-11-07T14:27:28Z" finished-at="2016-11-07T14:27:28Z">
          <exception class="org.testng.SkipException">
            <message>
              <![CDATA[Skipping test]]>
            </message>
            <full-stacktrace>
              <![CDATA[org.testng.SkipException: Skipping test
	at TestMyAccount.SkipATest.skippingTEST(SkipATest.java:24)
	at sun.reflect.NativeMethodAccessorImpl.invoke0(Native Method)
	at sun.reflect.NativeMethodAccessorImpl.invoke(Unknown Source)
	at sun.reflect.DelegatingMethodAccessorImpl.invoke(Unknown Source)
	at java.lang.reflect.Method.invoke(Unknown Source)
	at org.testng.internal.MethodInvocationHelper.invokeMethod(MethodInvocationHelper.java:86)
	at org.testng.internal.Invoker.invokeMethod(Invoker.java:646)
	at org.testng.internal.Invoker.invokeTestMethod(Invoker.java:823)
	at org.testng.internal.Invoker.invokeTestMethods(Invoker.java:1131)
	at org.testng.internal.TestMethodWorker.invokeTestMethods(TestMethodWorker.java:129)
	at org.testng.internal.TestMethodWorker.run(TestMethodWorker.java:112)
	at org.testng.TestRunner.privateRun(TestRunner.java:778)
	at org.testng.TestRunner.run(TestRunner.java:632)
	at org.testng.SuiteRunner.runTest(SuiteRunner.java:366)
	at org.testng.SuiteRunner.runSequentially(SuiteRunner.java:361)
	at org.testng.SuiteRunner.privateRun(SuiteRunner.java:319)
	at org.testng.SuiteRunner.run(SuiteRunner.java:268)
	at org.testng.SuiteRunnerWorker.runSuite(SuiteRunnerWorker.java:52)
	at org.testng.SuiteRunnerWorker.run(SuiteRunnerWorker.java:86)
	at org.testng.TestNG.runSuitesSequentially(TestNG.java:1225)
	at org.testng.TestNG.runSuitesLocally(TestNG.java:1150)
	at org.testng.TestNG.runSuites(TestNG.java:1075)
	at org.testng.TestNG.run(TestNG.java:1047)
	at org.testng.remote.AbstractRemoteTestNG.run(AbstractRemoteTestNG.java:126)
	at org.testng.remote.RemoteTestNG.initAndRun(RemoteTestNG.java:75)
	at org.testng.remote.RemoteTestNG.main(RemoteTestNG.java:46)
]]>
            </full-stacktrace>
          </exception> <!-- org.testng.SkipException -->
          <reporter-output>
          </reporter-output>
        </test-method> <!-- skippingTEST -->
        <test-method status="PASS" signature="browserClose(java.lang.reflect.Method)[pri:0, instance:TestMyAccount.SkipATest@2b9627bc]" name="browserClose" is-config="true" duration-ms="26" started-at="2016-11-07T14:27:28Z" finished-at="2016-11-07T14:27:28Z">
          <params>
            <param index="0">
              <value>
                <![CDATA[public void TestMyAccount.SkipATest.skippingTEST()]]>
              </value>
            </param>
          </params>
          <reporter-output>
          </reporter-output>
        </test-method> <!-- browserClose -->
      </class> <!-- TestMyAccount.SkipATest -->
      <class name="TestMyAccount.MyAccount_CheckBalance">
        <test-method status="PASS" signature="setUp(java.lang.String, java.lang.reflect.Method)[pri:0, instance:TestMyAccount.MyAccount_CheckBalance@1d16f93d]" name="setUp" is-config="true" duration-ms="16024" started-at="2016-11-07T14:26:29Z" finished-at="2016-11-07T14:26:45Z">
          <params>
            <param index="0">
              <value>
                <![CDATA[FF]]>
              </value>
            </param>
            <param index="1">
              <value>
                <![CDATA[public void TestMyAccount.MyAccount_CheckBalance.myAccount_CheckBalanceTest(java.lang.reflect.Method)]]>
              </value>
            </param>
          </params>
          <reporter-output>
          </reporter-output>
        </test-method> <!-- setUp -->
        <test-method status="PASS" signature="myAccount_CheckBalanceTest(java.lang.reflect.Method)[pri:0, instance:TestMyAccount.MyAccount_CheckBalance@1d16f93d]" name="myAccount_CheckBalanceTest" duration-ms="390" started-at="2016-11-07T14:26:45Z" finished-at="2016-11-07T14:26:46Z">
          <params>
            <param index="0">
              <value>
                <![CDATA[public void TestMyAccount.MyAccount_CheckBalance.myAccount_CheckBalanceTest(java.lang.reflect.Method)]]>
              </value>
            </param>
          </params>
          <reporter-output>
          </reporter-output>
        </test-method> <!-- myAccount_CheckBalanceTest -->
        <test-method status="PASS" signature="browserClose(java.lang.reflect.Method)[pri:0, instance:TestMyAccount.MyAccount_CheckBalance@1d16f93d]" name="browserClose" is-config="true" duration-ms="23" started-at="2016-11-07T14:26:46Z" finished-at="2016-11-07T14:26:46Z">
          <params>
            <param index="0">
              <value>
                <![CDATA[public void TestMyAccount.MyAccount_CheckBalance.myAccount_CheckBalanceTest(java.lang.reflect.Method)]]>
              </value>
            </param>
          </params>
          <reporter-output>
          </reporter-output>
        </test-method> <!-- browserClose -->
      </class> <!-- TestMyAccount.MyAccount_CheckBalance -->
      <class name="TestMyAccount.FailTEST">
        <test-method status="PASS" signature="setUp(java.lang.String, java.lang.reflect.Method)[pri:0, instance:TestMyAccount.FailTEST@67b92f0a]" name="setUp" is-config="true" duration-ms="19295" started-at="2016-11-07T14:26:46Z" finished-at="2016-11-07T14:27:05Z">
          <params>
            <param index="0">
              <value>
                <![CDATA[FF]]>
              </value>
            </param>
            <param index="1">
              <value>
                <![CDATA[public void TestMyAccount.FailTEST.failTestTesting(java.lang.reflect.Method)]]>
              </value>
            </param>
          </params>
          <reporter-output>
          </reporter-output>
        </test-method> <!-- setUp -->
        <test-method status="FAIL" signature="failTestTesting(java.lang.reflect.Method)[pri:0, instance:TestMyAccount.FailTEST@67b92f0a]" name="failTestTesting" duration-ms="708" started-at="2016-11-07T14:27:05Z" finished-at="2016-11-07T14:27:06Z">
          <params>
            <param index="0">
              <value>
                <![CDATA[public void TestMyAccount.FailTEST.failTestTesting(java.lang.reflect.Method)]]>
              </value>
            </param>
          </params>
          <exception class="java.lang.AssertionError">
            <message>
              <![CDATA[expected [true] but found [false]]]>
            </message>
            <full-stacktrace>
              <![CDATA[java.lang.AssertionError: expected [true] but found [false]
	at org.testng.Assert.fail(Assert.java:94)
	at org.testng.Assert.failNotEquals(Assert.java:513)
	at org.testng.Assert.assertTrue(Assert.java:42)
	at org.testng.Assert.assertTrue(Assert.java:52)
	at TestMyAccount.FailTEST.failTestTesting(FailTEST.java:22)
	at sun.reflect.NativeMethodAccessorImpl.invoke0(Native Method)
	at sun.reflect.NativeMethodAccessorImpl.invoke(Unknown Source)
	at sun.reflect.DelegatingMethodAccessorImpl.invoke(Unknown Source)
	at java.lang.reflect.Method.invoke(Unknown Source)
	at org.testng.internal.MethodInvocationHelper.invokeMethod(MethodInvocationHelper.java:86)
	at org.testng.internal.Invoker.invokeMethod(Invoker.java:646)
	at org.testng.internal.Invoker.invokeTestMethod(Invoker.java:823)
	at org.testng.internal.Invoker.invokeTestMethods(Invoker.java:1131)
	at org.testng.internal.TestMethodWorker.invokeTestMethods(TestMethodWorker.java:129)
	at org.testng.internal.TestMethodWorker.run(TestMethodWorker.java:112)
	at org.testng.TestRunner.privateRun(TestRunner.java:778)
	at org.testng.TestRunner.run(TestRunner.java:632)
	at org.testng.SuiteRunner.runTest(SuiteRunner.java:366)
	at org.testng.SuiteRunner.runSequentially(SuiteRunner.java:361)
	at org.testng.SuiteRunner.privateRun(SuiteRunner.java:319)
	at org.testng.SuiteRunner.run(SuiteRunner.java:268)
	at org.testng.SuiteRunnerWorker.runSuite(SuiteRunnerWorker.java:52)
	at org.testng.SuiteRunnerWorker.run(SuiteRunnerWorker.java:86)
	at org.testng.TestNG.runSuitesSequentially(TestNG.java:1225)
	at org.testng.TestNG.runSuitesLocally(TestNG.java:1150)
	at org.testng.TestNG.runSuites(TestNG.java:1075)
	at org.testng.TestNG.run(TestNG.java:1047)
	at org.testng.remote.AbstractRemoteTestNG.run(AbstractRemoteTestNG.java:126)
	at org.testng.remote.RemoteTestNG.initAndRun(RemoteTestNG.java:75)
	at org.testng.remote.RemoteTestNG.main(RemoteTestNG.java:46)
]]>
            </full-stacktrace>
          </exception> <!-- java.lang.AssertionError -->
          <reporter-output>
          </reporter-output>
        </test-method> <!-- failTestTesting -->
        <test-method status="PASS" signature="browserClose(java.lang.reflect.Method)[pri:0, instance:TestMyAccount.FailTEST@67b92f0a]" name="browserClose" is-config="true" duration-ms="24" started-at="2016-11-07T14:27:06Z" finished-at="2016-11-07T14:27:06Z">
          <params>
            <param index="0">
              <value>
                <![CDATA[public void TestMyAccount.FailTEST.failTestTesting(java.lang.reflect.Method)]]>
              </value>
            </param>
          </params>
          <reporter-output>
          </reporter-output>
        </test-method> <!-- browserClose -->
      </class> <!-- TestMyAccount.FailTEST -->
    </test> <!-- FF Test -->
  </suite> <!-- aq -->
</testng-results>
